\BOOKMARK [1][-]{section.1}{\376\377\000R\000e\000s\000e\000a\000r\000c\000h\000\040\000Q\000u\000e\000s\000t\000i\000o\000n}{}% 1
\BOOKMARK [1][-]{section.2}{\376\377\000I\000n\000t\000r\000o\000d\000u\000c\000t\000i\000o\000n}{}% 2
\BOOKMARK [1][-]{section.3}{\376\377\000A\000i\000m}{}% 3
\BOOKMARK [1][-]{section.4}{\376\377\000H\000y\000p\000o\000t\000h\000e\000s\000i\000s}{}% 4
\BOOKMARK [1][-]{section.5}{\376\377\000B\000a\000c\000k\000g\000r\000o\000u\000n\000d\000\040\000R\000e\000s\000e\000a\000r\000c\000h}{}% 5
\BOOKMARK [2][-]{subsection.5.1}{\376\377\000A\000i\000r\000\040\000D\000r\000a\000g\000/\000F\000l\000u\000i\000d\000\040\000R\000e\000s\000i\000s\000t\000a\000n\000c\000e}{section.5}% 6
\BOOKMARK [2][-]{subsection.5.2}{\376\377\000T\000e\000m\000p\000e\000r\000a\000t\000u\000r\000e\000\040\000d\000e\000p\000e\000n\000d\000e\000n\000c\000e\000\040\000o\000f\000\040\000t\000h\000e\000r\000m\000a\000l\000\040\000e\000x\000p\000a\000n\000s\000i\000o\000n\000\040\000\040\000c\000o\000e\000f\000f\000i\000c\000i\000e\000n\000t}{section.5}% 7
\BOOKMARK [2][-]{subsection.5.3}{\376\377\000T\000e\000m\000p\000e\000r\000a\000t\000u\000r\000e\000\040\000d\000e\000p\000e\000n\000d\000e\000n\000c\000e\000\040\000o\000f\000\040\000d\000e\000n\000s\000i\000t\000y}{section.5}% 8
\BOOKMARK [2][-]{subsection.5.4}{\376\377\000C\000o\000m\000p\000u\000t\000e\000r\000\040\000S\000i\000m\000u\000l\000a\000t\000i\000o\000n\000\040\000S\000o\000f\000t\000w\000a\000r\000e}{section.5}% 9
\BOOKMARK [1][-]{section.6}{\376\377\000M\000a\000t\000e\000r\000i\000a\000l\000s\000\040\000R\000e\000q\000u\000i\000r\000e\000d}{}% 10
\BOOKMARK [1][-]{section.7}{\376\377\000V\000a\000r\000i\000a\000b\000l\000e\000s}{}% 11
\BOOKMARK [1][-]{section.8}{\376\377\000P\000r\000o\000c\000e\000d\000u\000r\000e}{}% 12
\BOOKMARK [1][-]{section.9}{\376\377\000E\000q\000u\000a\000t\000i\000o\000n\000s}{}% 13
\BOOKMARK [2][-]{subsection.9.1}{\376\377\000D\000r\000a\000g\000\040\000E\000q\000u\000a\000t\000i\000o\000n\000\040\000f\000o\000r\000\040\000t\000h\000e\000\040\000S\000t\000u\000d\000y}{section.9}% 14
\BOOKMARK [2][-]{subsection.9.2}{\376\377\000E\000q\000u\000a\000t\000i\000o\000n\000\040\000u\000s\000e\000d\000\040\000f\000o\000r\000\040\000f\000u\000r\000t\000h\000e\000r\000\040\000I\000n\000v\000e\000s\000t\000i\000g\000a\000t\000i\000o\000n}{section.9}% 15
\BOOKMARK [1][-]{section.10}{\376\377\000D\000a\000t\000a}{}% 16
\BOOKMARK [2][-]{subsection.10.1}{\376\377\000E\000x\000p\000e\000r\000i\000m\000e\000n\000t\000a\000l\000\040\000D\000a\000t\000a}{section.10}% 17
\BOOKMARK [2][-]{subsection.10.2}{\376\377\000S\000i\000m\000u\000l\000a\000t\000i\000o\000n\000\040\000D\000a\000t\000a}{section.10}% 18
\BOOKMARK [2][-]{subsection.10.3}{\376\377\000P\000r\000o\000c\000e\000s\000s\000e\000d\000\040\000D\000a\000t\000a}{section.10}% 19
\BOOKMARK [1][-]{section.11}{\376\377\000E\000v\000a\000l\000u\000a\000t\000i\000o\000n}{}% 20
\BOOKMARK [1][-]{section.12}{\376\377\000A\000n\000a\000l\000y\000s\000i\000s}{}% 21
\BOOKMARK [1][-]{section.13}{\376\377\000L\000i\000m\000i\000t\000a\000t\000i\000o\000n\000s\000\040\000o\000f\000\040\000S\000t\000u\000d\000y}{}% 22
\BOOKMARK [1][-]{section.14}{\376\377\000S\000a\000f\000e\000t\000y\000\040\000M\000e\000a\000s\000u\000r\000e\000s}{}% 23
\BOOKMARK [1][-]{section.15}{\376\377\000S\000o\000u\000r\000c\000e\000s\000\040\000o\000f\000\040\000E\000r\000r\000o\000r}{}% 24
\BOOKMARK [1][-]{section.16}{\376\377\000C\000o\000n\000c\000l\000u\000s\000i\000o\000n}{}% 25
\BOOKMARK [1][-]{section.16}{\376\377\000W\000o\000r\000k\000s\000\040\000C\000i\000t\000e\000d}{}% 26
\BOOKMARK [1][-]{section.16}{\376\377\000B\000i\000b\000l\000i\000o\000g\000r\000a\000p\000h\000y}{}% 27
\BOOKMARK [1][-]{appendix.A}{\376\377\000R\000a\000w\000\040\000E\000x\000p\000e\000r\000i\000m\000e\000n\000t\000a\000l\000\040\000D\000a\000t\000a}{}% 28
